<?xml version="1.0" encoding="utf-8" standalone="no"?>
<!--This file represents the results of running a test suite-->
<test-results name="G:\QUALITY_ASSURANCE_ASSIGNMENTS\a3\PROG2070_Assignment3_DavidWagner\PROG2070_Assignment3_DavidWagner.Tests\bin\Debug\PROG2070_Assignment3_DavidWagner.Tests.dll" total="1" errors="0" failures="0" not-run="0" inconclusive="0" ignored="0" skipped="0" invalid="0" date="2017-03-20" time="14:17:22">
  <environment nunit-version="2.6.4.14350" clr-version="2.0.50727.5485" os-version="Microsoft Windows NT 6.1.7601 Service Pack 1" platform="Win32NT" cwd="C:\Program Files (x86)\NUnit 2.6.4\bin" machine-name="2A411-D04" user="dwagner6506" user-domain="CONESTOGAC" />
  <culture-info current-culture="en-US" current-uiculture="en-US" />
  <test-suite type="Assembly" name="G:\QUALITY_ASSURANCE_ASSIGNMENTS\a3\PROG2070_Assignment3_DavidWagner\PROG2070_Assignment3_DavidWagner.Tests\bin\Debug\PROG2070_Assignment3_DavidWagner.Tests.dll" executed="True" result="Success" success="True" time="0.151" asserts="0">
    <results>
      <test-suite type="Namespace" name="PROG2070_Assignment3_DavidWagner" executed="True" result="Success" success="True" time="0.143" asserts="0">
        <results>
          <test-suite type="Namespace" name="Tests" executed="True" result="Success" success="True" time="0.143" asserts="0">
            <results>
              <test-suite type="TestFixture" name="ProjectA" executed="True" result="Success" success="True" time="0.141" asserts="0">
                <results>
                  <test-case name="PROG2070_Assignment3_DavidWagner.Tests.ProjectA.input2ShouldReturn4" executed="True" result="Success" success="True" time="0.131" asserts="1" />
                </results>
              </test-suite>
            </results>
          </test-suite>
        </results>
      </test-suite>
    </results>
  </test-suite>
</test-results>